Using pre-set license
Built from '2022.3/staging' branch; Version is '2022.3.10f1 (ff3792e53c62) revision 16725906'; Using compiler version '192829333'; Build Type 'Release'
OS: 'Windows 11  (10.0.22631) 64bit Core' Language: 'fr' Physical Memory: 31962 MB
BatchMode: 1, IsHumanControllingUs: 0, StartBugReporterOnCrash: 0, Is64bit: 1, IsPro: 1

COMMAND LINE ARGUMENTS:
C:\Program Files\Unity\Hub\Editor\2022.3.10f1\Editor\Unity.exe
-adb2
-batchMode
-noUpm
-name
AssetImportWorker1
-projectPath
C:/Users/phili/OneDrive/Bureau/AnimeUnitGit/AnimeUnity/CharaAnim
-logFile
Logs/AssetImportWorker1.log
-srvPort
54895
Successfully changed project path to: C:/Users/phili/OneDrive/Bureau/AnimeUnitGit/AnimeUnity/CharaAnim
C:/Users/phili/OneDrive/Bureau/AnimeUnitGit/AnimeUnity/CharaAnim
[UnityMemory] Configuration Parameters - Can be set up in boot.config
    "memorysetup-bucket-allocator-granularity=16"
    "memorysetup-bucket-allocator-bucket-count=8"
    "memorysetup-bucket-allocator-block-size=33554432"
    "memorysetup-bucket-allocator-block-count=8"
    "memorysetup-main-allocator-block-size=16777216"
    "memorysetup-thread-allocator-block-size=16777216"
    "memorysetup-gfx-main-allocator-block-size=16777216"
    "memorysetup-gfx-thread-allocator-block-size=16777216"
    "memorysetup-cache-allocator-block-size=4194304"
    "memorysetup-typetree-allocator-block-size=2097152"
    "memorysetup-profiler-bucket-allocator-granularity=16"
    "memorysetup-profiler-bucket-allocator-bucket-count=8"
    "memorysetup-profiler-bucket-allocator-block-size=33554432"
    "memorysetup-profiler-bucket-allocator-block-count=8"
    "memorysetup-profiler-allocator-block-size=16777216"
    "memorysetup-profiler-editor-allocator-block-size=1048576"
    "memorysetup-temp-allocator-size-main=16777216"
    "memorysetup-job-temp-allocator-block-size=2097152"
    "memorysetup-job-temp-allocator-block-size-background=1048576"
    "memorysetup-job-temp-allocator-reduction-small-platforms=262144"
    "memorysetup-allocator-temp-initial-block-size-main=262144"
    "memorysetup-allocator-temp-initial-block-size-worker=262144"
    "memorysetup-temp-allocator-size-background-worker=32768"
    "memorysetup-temp-allocator-size-job-worker=262144"
    "memorysetup-temp-allocator-size-preload-manager=33554432"
    "memorysetup-temp-allocator-size-nav-mesh-worker=65536"
    "memorysetup-temp-allocator-size-audio-worker=65536"
    "memorysetup-temp-allocator-size-cloud-worker=32768"
    "memorysetup-temp-allocator-size-gi-baking-worker=262144"
    "memorysetup-temp-allocator-size-gfx=262144"
Player connection [41804] Host "[IP] 192.168.1.44 [Port] 0 [Flags] 2 [Guid] 1159289482 [EditorId] 1159289482 [Version] 1048832 [Id] WindowsEditor(7,SaberFe) [Debug] 1 [PackageName] WindowsEditor [ProjectName] Editor" joined multi-casting on [225.0.0.222:54997]...

Player connection [41804] Host "[IP] 192.168.1.44 [Port] 0 [Flags] 2 [Guid] 1159289482 [EditorId] 1159289482 [Version] 1048832 [Id] WindowsEditor(7,SaberFe) [Debug] 1 [PackageName] WindowsEditor [ProjectName] Editor" joined alternative multi-casting on [225.0.0.222:34997]...

[Physics::Module] Initialized MultithreadedJobDispatcher with 23 workers.
Refreshing native plugins compatible for Editor in 14.97 ms, found 4 plugins.
Preloading 0 native plugins for Editor in 0.00 ms.
Initialize engine version: 2022.3.10f1 (ff3792e53c62)
[Subsystems] Discovering subsystems at path C:/Program Files/Unity/Hub/Editor/2022.3.10f1/Editor/Data/Resources/UnitySubsystems
[Subsystems] Discovering subsystems at path C:/Users/phili/OneDrive/Bureau/AnimeUnitGit/AnimeUnity/CharaAnim/Assets
GfxDevice: creating device client; threaded=0; jobified=0
Direct3D:
    Version:  Direct3D 11.0 [level 11.1]
    Renderer: NVIDIA GeForce RTX 4070 Laptop GPU (ID=0x2860)
    Vendor:   NVIDIA
    VRAM:     7962 MB
    Driver:   31.0.15.3734
Initialize mono
Mono path[0] = 'C:/Program Files/Unity/Hub/Editor/2022.3.10f1/Editor/Data/Managed'
Mono path[1] = 'C:/Program Files/Unity/Hub/Editor/2022.3.10f1/Editor/Data/MonoBleedingEdge/lib/mono/unityjit-win32'
Mono config path = 'C:/Program Files/Unity/Hub/Editor/2022.3.10f1/Editor/Data/MonoBleedingEdge/etc'
Using monoOptions --debugger-agent=transport=dt_socket,embedding=1,server=y,suspend=n,address=127.0.0.1:56176
Begin MonoManager ReloadAssembly
Registering precompiled unity dll's ...
Register platform support module: C:/Program Files/Unity/Hub/Editor/2022.3.10f1/Editor/Data/PlaybackEngines/WebGLSupport/UnityEditor.WebGL.Extensions.dll
Register platform support module: C:/Program Files/Unity/Hub/Editor/2022.3.10f1/Editor/Data/PlaybackEngines/WindowsStandaloneSupport/UnityEditor.WindowsStandalone.Extensions.dll
Registered in 0.012509 seconds.
- Loaded All Assemblies, in  0.492 seconds
Native extension for WindowsStandalone target not found
Native extension for WebGL target not found
Mono: successfully reloaded assembly
- Finished resetting the current domain, in  0.201 seconds
Domain Reload Profiling: 692ms
	BeginReloadAssembly (202ms)
		ExecutionOrderSort (0ms)
		DisableScriptedObjects (0ms)
		BackupInstance (0ms)
		ReleaseScriptingObjects (0ms)
		CreateAndSetChildDomain (1ms)
	RebuildCommonClasses (37ms)
	RebuildNativeTypeToScriptingClass (10ms)
	initialDomainReloadingComplete (63ms)
	LoadAllAssembliesAndSetupDomain (178ms)
		LoadAssemblies (202ms)
		RebuildTransferFunctionScriptingTraits (0ms)
		AnalyzeDomain (174ms)
			TypeCache.Refresh (173ms)
				TypeCache.ScanAssembly (158ms)
			ScanForSourceGeneratedMonoScriptInfo (0ms)
			ResolveRequiredComponents (1ms)
	FinalizeReload (202ms)
		ReleaseScriptCaches (0ms)
		RebuildScriptCaches (0ms)
		SetupLoadedEditorAssemblies (154ms)
			LogAssemblyErrors (0ms)
			InitializePlatformSupportModulesInManaged (8ms)
			SetLoadedEditorAssemblies (5ms)
			RefreshPlugins (0ms)
			BeforeProcessingInitializeOnLoad (2ms)
			ProcessInitializeOnLoadAttributes (96ms)
			ProcessInitializeOnLoadMethodAttributes (43ms)
			AfterProcessingInitializeOnLoad (0ms)
			EditorAssembliesLoaded (0ms)
		ExecutionOrderSort2 (0ms)
		AwakeInstancesAfterBackupRestoration (0ms)
========================================================================
Worker process is ready to serve import requests
Begin MonoManager ReloadAssembly
- Loaded All Assemblies, in  0.719 seconds
Refreshing native plugins compatible for Editor in 3.87 ms, found 4 plugins.
Native extension for WindowsStandalone target not found
Native extension for WebGL target not found
Package Manager log level set to [2]
[Package Manager] Server::EnsureServerProcessIsRunning -- launch failed, reason: Unity was launched with the -noUpm command-line argument
[Package Manager] UpmClient::Send -- Unable to send message (not connected to UPM process).
[Package Manager] Cannot connect to Unity Package Manager local server
Mono: successfully reloaded assembly
- Finished resetting the current domain, in  0.470 seconds
Domain Reload Profiling: 1185ms
	BeginReloadAssembly (147ms)
		ExecutionOrderSort (0ms)
		DisableScriptedObjects (4ms)
		BackupInstance (0ms)
		ReleaseScriptingObjects (0ms)
		CreateAndSetChildDomain (25ms)
	RebuildCommonClasses (26ms)
	RebuildNativeTypeToScriptingClass (9ms)
	initialDomainReloadingComplete (34ms)
	LoadAllAssembliesAndSetupDomain (499ms)
		LoadAssemblies (429ms)
		RebuildTransferFunctionScriptingTraits (0ms)
		AnalyzeDomain (154ms)
			TypeCache.Refresh (134ms)
				TypeCache.ScanAssembly (118ms)
			ScanForSourceGeneratedMonoScriptInfo (16ms)
			ResolveRequiredComponents (3ms)
	FinalizeReload (471ms)
		ReleaseScriptCaches (0ms)
		RebuildScriptCaches (0ms)
		SetupLoadedEditorAssemblies (354ms)
			LogAssemblyErrors (0ms)
			InitializePlatformSupportModulesInManaged (8ms)
			SetLoadedEditorAssemblies (3ms)
			RefreshPlugins (0ms)
			BeforeProcessingInitializeOnLoad (61ms)
			ProcessInitializeOnLoadAttributes (250ms)
			ProcessInitializeOnLoadMethodAttributes (27ms)
			AfterProcessingInitializeOnLoad (5ms)
			EditorAssembliesLoaded (0ms)
		ExecutionOrderSort2 (0ms)
		AwakeInstancesAfterBackupRestoration (5ms)
Launched and connected shader compiler UnityShaderCompiler.exe after 0.06 seconds
Refreshing native plugins compatible for Editor in 3.96 ms, found 4 plugins.
Preloading 0 native plugins for Editor in 0.00 ms.
Unloading 4005 Unused Serialized files (Serialized files now loaded: 0)
Unloading 69 unused Assets / (244.5 KB). Loaded Objects now: 4461.
Memory consumption went from 137.2 MB to 136.9 MB.
Total: 3.406600 ms (FindLiveObjects: 0.278200 ms CreateObjectMapping: 0.095900 ms MarkObjects: 2.835900 ms  DeleteObjects: 0.195200 ms)

AssetImportParameters requested are different than current active one (requested -> active):
  custom:container-demuxer-ogg: 62fdf1f143b41e24485cea50d1cbac27 -> 
  custom:video-codec-MediaFoundation-h265: 746d11721c4dcdbdad8f713fa42b33f4 -> 
  custom:video-decoder-ogg-theora: a1e56fd34408186e4bbccfd4996cb3dc -> 
  custom:framework-win-MediaFoundation: 216162199b28c13a410421893ffa2e32 -> 
  custom:CustomObjectIndexerAttribute: 756ad292c208cfabdd7b50bc23989ffe -> 
  custom:container-demuxer-webm: 4f35f7cbe854078d1ac9338744f61a02 -> 
  custom:container-muxer-webm: aa71ff27fc2769a1b78a27578f13a17b -> 
  custom:video-decoder-webm-vp8: 9c59270c3fd7afecdb556c50c9e8de78 -> 
  custom:SearchIndexIgnoredProperties: e643bd26f0fe6173181afceb89e7c659 -> 
  custom:AudioImporter_EditorPlatform: d09bf68614088b80899f8185d706f6e7 -> 
  custom:video-encoder-webm-vp8: eb34c28f22e8b96e1ab97ce403110664 -> 
  custom:audio-decoder-ogg-vorbis: bf7c407c2cedff20999df2af8eb42d56 -> 
  custom:audio-encoder-webm-vorbis: bf7c407c2cedff20999df2af8eb42d56 -> 
========================================================================
Received Import Request.
  Time since last request: 434997.748564 seconds.
  path: Assets/Knight Files/Body Parts/body upper.png
  artifactKey: Guid(131afc7c0c638d24f92ba75ccdab2b38) Importer(815301076,1909f56bfc062723c751e8b465ee728b)
Start importing Assets/Knight Files/Body Parts/body upper.png using Guid(131afc7c0c638d24f92ba75ccdab2b38) Importer(815301076,1909f56bfc062723c751e8b465ee728b)  -> (artifact id: 'b30de1fad429bad75fb85848c4d2cee2') in 0.087898 seconds
Number of updated asset objects reloaded before import = 0
Number of asset objects unloaded after import = 3
========================================================================
Received Import Request.
  Time since last request: 0.000021 seconds.
  path: Assets/Knight Files/Effect & FireBalls/dashwind_04.png
  artifactKey: Guid(11b06cbf4f893364d9735dbb77333dd5) Importer(815301076,1909f56bfc062723c751e8b465ee728b)
Start importing Assets/Knight Files/Effect & FireBalls/dashwind_04.png using Guid(11b06cbf4f893364d9735dbb77333dd5) Importer(815301076,1909f56bfc062723c751e8b465ee728b)  -> (artifact id: 'ab8b4df6b1f604b5245a7c1463edb893') in 0.017076 seconds
Number of updated asset objects reloaded before import = 0
Number of asset objects unloaded after import = 3
========================================================================
Received Prepare
Begin MonoManager ReloadAssembly
- Loaded All Assemblies, in  0.300 seconds
Refreshing native plugins compatible for Editor in 3.78 ms, found 4 plugins.
Native extension for WindowsStandalone target not found
Native extension for WebGL target not found
[Package Manager] Server::EnsureServerProcessIsRunning -- launch failed, reason: Unity was launched with the -noUpm command-line argument
[Package Manager] UpmClient::Send -- Unable to send message (not connected to UPM process).
[Package Manager] Cannot connect to Unity Package Manager local server
Mono: successfully reloaded assembly
- Finished resetting the current domain, in  0.799 seconds
Domain Reload Profiling: 1097ms
	BeginReloadAssembly (108ms)
		ExecutionOrderSort (0ms)
		DisableScriptedObjects (7ms)
		BackupInstance (0ms)
		ReleaseScriptingObjects (0ms)
		CreateAndSetChildDomain (28ms)
	RebuildCommonClasses (20ms)
	RebuildNativeTypeToScriptingClass (7ms)
	initialDomainReloadingComplete (21ms)
	LoadAllAssembliesAndSetupDomain (141ms)
		LoadAssemblies (184ms)
		RebuildTransferFunctionScriptingTraits (0ms)
		AnalyzeDomain (7ms)
			TypeCache.Refresh (4ms)
				TypeCache.ScanAssembly (0ms)
			ScanForSourceGeneratedMonoScriptInfo (0ms)
			ResolveRequiredComponents (3ms)
	FinalizeReload (799ms)
		ReleaseScriptCaches (0ms)
		RebuildScriptCaches (0ms)
		SetupLoadedEditorAssemblies (352ms)
			LogAssemblyErrors (0ms)
			InitializePlatformSupportModulesInManaged (6ms)
			SetLoadedEditorAssemblies (3ms)
			RefreshPlugins (0ms)
			BeforeProcessingInitializeOnLoad (65ms)
			ProcessInitializeOnLoadAttributes (246ms)
			ProcessInitializeOnLoadMethodAttributes (26ms)
			AfterProcessingInitializeOnLoad (6ms)
			EditorAssembliesLoaded (0ms)
		ExecutionOrderSort2 (0ms)
		AwakeInstancesAfterBackupRestoration (11ms)
Refreshing native plugins compatible for Editor in 3.77 ms, found 4 plugins.
Preloading 0 native plugins for Editor in 0.00 ms.
Unloading 3999 Unused Serialized files (Serialized files now loaded: 0)
Unloading 41 unused Assets / (216.8 KB). Loaded Objects now: 4474.
Memory consumption went from 140.0 MB to 139.8 MB.
Total: 3.278900 ms (FindLiveObjects: 0.332200 ms CreateObjectMapping: 0.120800 ms MarkObjects: 2.597900 ms  DeleteObjects: 0.227200 ms)

Prepare: number of updated asset objects reloaded= 0
AssetImportParameters requested are different than current active one (requested -> active):
  custom:container-demuxer-ogg: 62fdf1f143b41e24485cea50d1cbac27 -> 
  custom:video-codec-MediaFoundation-h265: 746d11721c4dcdbdad8f713fa42b33f4 -> 
  custom:video-decoder-ogg-theora: a1e56fd34408186e4bbccfd4996cb3dc -> 
  custom:framework-win-MediaFoundation: 216162199b28c13a410421893ffa2e32 -> 
  custom:CustomObjectIndexerAttribute: 756ad292c208cfabdd7b50bc23989ffe -> 
  custom:container-demuxer-webm: 4f35f7cbe854078d1ac9338744f61a02 -> 
  custom:container-muxer-webm: aa71ff27fc2769a1b78a27578f13a17b -> 
  custom:video-decoder-webm-vp8: 9c59270c3fd7afecdb556c50c9e8de78 -> 
  custom:SearchIndexIgnoredProperties: e643bd26f0fe6173181afceb89e7c659 -> 
  custom:AudioImporter_EditorPlatform: d09bf68614088b80899f8185d706f6e7 -> 
  custom:video-encoder-webm-vp8: eb34c28f22e8b96e1ab97ce403110664 -> 
  custom:audio-decoder-ogg-vorbis: bf7c407c2cedff20999df2af8eb42d56 -> 
  custom:audio-encoder-webm-vorbis: bf7c407c2cedff20999df2af8eb42d56 -> 
========================================================================
Received Prepare
Begin MonoManager ReloadAssembly
- Loaded All Assemblies, in  0.303 seconds
Refreshing native plugins compatible for Editor in 3.91 ms, found 4 plugins.
Native extension for WindowsStandalone target not found
Native extension for WebGL target not found
[Package Manager] Server::EnsureServerProcessIsRunning -- launch failed, reason: Unity was launched with the -noUpm command-line argument
[Package Manager] UpmClient::Send -- Unable to send message (not connected to UPM process).
[Package Manager] Cannot connect to Unity Package Manager local server
Mono: successfully reloaded assembly
- Finished resetting the current domain, in  0.743 seconds
Domain Reload Profiling: 1044ms
	BeginReloadAssembly (109ms)
		ExecutionOrderSort (0ms)
		DisableScriptedObjects (7ms)
		BackupInstance (0ms)
		ReleaseScriptingObjects (0ms)
		CreateAndSetChildDomain (27ms)
	RebuildCommonClasses (20ms)
	RebuildNativeTypeToScriptingClass (7ms)
	initialDomainReloadingComplete (20ms)
	LoadAllAssembliesAndSetupDomain (145ms)
		LoadAssemblies (190ms)
		RebuildTransferFunctionScriptingTraits (0ms)
		AnalyzeDomain (7ms)
			TypeCache.Refresh (3ms)
				TypeCache.ScanAssembly (0ms)
			ScanForSourceGeneratedMonoScriptInfo (0ms)
			ResolveRequiredComponents (3ms)
	FinalizeReload (743ms)
		ReleaseScriptCaches (0ms)
		RebuildScriptCaches (0ms)
		SetupLoadedEditorAssemblies (309ms)
			LogAssemblyErrors (0ms)
			InitializePlatformSupportModulesInManaged (6ms)
			SetLoadedEditorAssemblies (2ms)
			RefreshPlugins (0ms)
			BeforeProcessingInitializeOnLoad (54ms)
			ProcessInitializeOnLoadAttributes (211ms)
			ProcessInitializeOnLoadMethodAttributes (30ms)
			AfterProcessingInitializeOnLoad (7ms)
			EditorAssembliesLoaded (0ms)
		ExecutionOrderSort2 (0ms)
		AwakeInstancesAfterBackupRestoration (12ms)
Refreshing native plugins compatible for Editor in 5.12 ms, found 4 plugins.
Preloading 0 native plugins for Editor in 0.00 ms.
Unloading 4000 Unused Serialized files (Serialized files now loaded: 0)
Unloading 41 unused Assets / (216.9 KB). Loaded Objects now: 4478.
Memory consumption went from 140.3 MB to 140.1 MB.
Total: 3.464700 ms (FindLiveObjects: 0.318800 ms CreateObjectMapping: 0.101500 ms MarkObjects: 2.858100 ms  DeleteObjects: 0.185200 ms)

Prepare: number of updated asset objects reloaded= 0
AssetImportParameters requested are different than current active one (requested -> active):
  custom:container-demuxer-ogg: 62fdf1f143b41e24485cea50d1cbac27 -> 
  custom:video-codec-MediaFoundation-h265: 746d11721c4dcdbdad8f713fa42b33f4 -> 
  custom:video-decoder-ogg-theora: a1e56fd34408186e4bbccfd4996cb3dc -> 
  custom:framework-win-MediaFoundation: 216162199b28c13a410421893ffa2e32 -> 
  custom:CustomObjectIndexerAttribute: 756ad292c208cfabdd7b50bc23989ffe -> 
  custom:container-demuxer-webm: 4f35f7cbe854078d1ac9338744f61a02 -> 
  custom:container-muxer-webm: aa71ff27fc2769a1b78a27578f13a17b -> 
  custom:video-decoder-webm-vp8: 9c59270c3fd7afecdb556c50c9e8de78 -> 
  custom:SearchIndexIgnoredProperties: e643bd26f0fe6173181afceb89e7c659 -> 
  custom:AudioImporter_EditorPlatform: d09bf68614088b80899f8185d706f6e7 -> 
  custom:video-encoder-webm-vp8: eb34c28f22e8b96e1ab97ce403110664 -> 
  custom:audio-decoder-ogg-vorbis: bf7c407c2cedff20999df2af8eb42d56 -> 
  custom:audio-encoder-webm-vorbis: bf7c407c2cedff20999df2af8eb42d56 -> 
========================================================================
Received Prepare
Begin MonoManager ReloadAssembly
- Loaded All Assemblies, in  0.303 seconds
Refreshing native plugins compatible for Editor in 3.24 ms, found 4 plugins.
Native extension for WindowsStandalone target not found
Native extension for WebGL target not found
[Package Manager] Server::EnsureServerProcessIsRunning -- launch failed, reason: Unity was launched with the -noUpm command-line argument
[Package Manager] UpmClient::Send -- Unable to send message (not connected to UPM process).
[Package Manager] Cannot connect to Unity Package Manager local server
Mono: successfully reloaded assembly
- Finished resetting the current domain, in  0.708 seconds
Domain Reload Profiling: 1008ms
	BeginReloadAssembly (109ms)
		ExecutionOrderSort (0ms)
		DisableScriptedObjects (7ms)
		BackupInstance (0ms)
		ReleaseScriptingObjects (0ms)
		CreateAndSetChildDomain (26ms)
	RebuildCommonClasses (20ms)
	RebuildNativeTypeToScriptingClass (7ms)
	initialDomainReloadingComplete (22ms)
	LoadAllAssembliesAndSetupDomain (141ms)
		LoadAssemblies (187ms)
		RebuildTransferFunctionScriptingTraits (0ms)
		AnalyzeDomain (7ms)
			TypeCache.Refresh (3ms)
				TypeCache.ScanAssembly (0ms)
			ScanForSourceGeneratedMonoScriptInfo (0ms)
			ResolveRequiredComponents (3ms)
	FinalizeReload (709ms)
		ReleaseScriptCaches (0ms)
		RebuildScriptCaches (0ms)
		SetupLoadedEditorAssemblies (280ms)
			LogAssemblyErrors (0ms)
			InitializePlatformSupportModulesInManaged (5ms)
			SetLoadedEditorAssemblies (2ms)
			RefreshPlugins (0ms)
			BeforeProcessingInitializeOnLoad (51ms)
			ProcessInitializeOnLoadAttributes (196ms)
			ProcessInitializeOnLoadMethodAttributes (20ms)
			AfterProcessingInitializeOnLoad (6ms)
			EditorAssembliesLoaded (0ms)
		ExecutionOrderSort2 (0ms)
		AwakeInstancesAfterBackupRestoration (10ms)
Refreshing native plugins compatible for Editor in 3.31 ms, found 4 plugins.
Preloading 0 native plugins for Editor in 0.00 ms.
Unloading 4000 Unused Serialized files (Serialized files now loaded: 0)
Unloading 41 unused Assets / (216.8 KB). Loaded Objects now: 4482.
Memory consumption went from 140.3 MB to 140.1 MB.
Total: 3.544000 ms (FindLiveObjects: 0.311900 ms CreateObjectMapping: 0.166900 ms MarkObjects: 2.929800 ms  DeleteObjects: 0.134900 ms)

Prepare: number of updated asset objects reloaded= 0
AssetImportParameters requested are different than current active one (requested -> active):
  custom:container-demuxer-ogg: 62fdf1f143b41e24485cea50d1cbac27 -> 
  custom:video-codec-MediaFoundation-h265: 746d11721c4dcdbdad8f713fa42b33f4 -> 
  custom:video-decoder-ogg-theora: a1e56fd34408186e4bbccfd4996cb3dc -> 
  custom:framework-win-MediaFoundation: 216162199b28c13a410421893ffa2e32 -> 
  custom:CustomObjectIndexerAttribute: 756ad292c208cfabdd7b50bc23989ffe -> 
  custom:container-demuxer-webm: 4f35f7cbe854078d1ac9338744f61a02 -> 
  custom:container-muxer-webm: aa71ff27fc2769a1b78a27578f13a17b -> 
  custom:video-decoder-webm-vp8: 9c59270c3fd7afecdb556c50c9e8de78 -> 
  custom:SearchIndexIgnoredProperties: e643bd26f0fe6173181afceb89e7c659 -> 
  custom:AudioImporter_EditorPlatform: d09bf68614088b80899f8185d706f6e7 -> 
  custom:video-encoder-webm-vp8: eb34c28f22e8b96e1ab97ce403110664 -> 
  custom:audio-decoder-ogg-vorbis: bf7c407c2cedff20999df2af8eb42d56 -> 
  custom:audio-encoder-webm-vorbis: bf7c407c2cedff20999df2af8eb42d56 -> 
========================================================================
Received Prepare
Begin MonoManager ReloadAssembly
- Loaded All Assemblies, in  0.305 seconds
Refreshing native plugins compatible for Editor in 4.34 ms, found 4 plugins.
Native extension for WindowsStandalone target not found
Native extension for WebGL target not found
[Package Manager] Server::EnsureServerProcessIsRunning -- launch failed, reason: Unity was launched with the -noUpm command-line argument
[Package Manager] UpmClient::Send -- Unable to send message (not connected to UPM process).
[Package Manager] Cannot connect to Unity Package Manager local server
Mono: successfully reloaded assembly
- Finished resetting the current domain, in  0.784 seconds
Domain Reload Profiling: 1087ms
	BeginReloadAssembly (112ms)
		ExecutionOrderSort (0ms)
		DisableScriptedObjects (8ms)
		BackupInstance (0ms)
		ReleaseScriptingObjects (0ms)
		CreateAndSetChildDomain (27ms)
	RebuildCommonClasses (21ms)
	RebuildNativeTypeToScriptingClass (7ms)
	initialDomainReloadingComplete (20ms)
	LoadAllAssembliesAndSetupDomain (143ms)
		LoadAssemblies (187ms)
		RebuildTransferFunctionScriptingTraits (0ms)
		AnalyzeDomain (8ms)
			TypeCache.Refresh (4ms)
				TypeCache.ScanAssembly (0ms)
			ScanForSourceGeneratedMonoScriptInfo (0ms)
			ResolveRequiredComponents (3ms)
	FinalizeReload (784ms)
		ReleaseScriptCaches (0ms)
		RebuildScriptCaches (0ms)
		SetupLoadedEditorAssemblies (355ms)
			LogAssemblyErrors (0ms)
			InitializePlatformSupportModulesInManaged (5ms)
			SetLoadedEditorAssemblies (2ms)
			RefreshPlugins (0ms)
			BeforeProcessingInitializeOnLoad (49ms)
			ProcessInitializeOnLoadAttributes (262ms)
			ProcessInitializeOnLoadMethodAttributes (28ms)
			AfterProcessingInitializeOnLoad (9ms)
			EditorAssembliesLoaded (0ms)
		ExecutionOrderSort2 (0ms)
		AwakeInstancesAfterBackupRestoration (10ms)
Refreshing native plugins compatible for Editor in 3.32 ms, found 4 plugins.
Preloading 0 native plugins for Editor in 0.00 ms.
Unloading 4000 Unused Serialized files (Serialized files now loaded: 0)
Unloading 41 unused Assets / (216.9 KB). Loaded Objects now: 4486.
Memory consumption went from 140.3 MB to 140.0 MB.
Total: 3.225900 ms (FindLiveObjects: 0.358600 ms CreateObjectMapping: 0.168600 ms MarkObjects: 2.558900 ms  DeleteObjects: 0.138800 ms)

Prepare: number of updated asset objects reloaded= 0
AssetImportParameters requested are different than current active one (requested -> active):
  custom:container-demuxer-ogg: 62fdf1f143b41e24485cea50d1cbac27 -> 
  custom:video-codec-MediaFoundation-h265: 746d11721c4dcdbdad8f713fa42b33f4 -> 
  custom:video-decoder-ogg-theora: a1e56fd34408186e4bbccfd4996cb3dc -> 
  custom:framework-win-MediaFoundation: 216162199b28c13a410421893ffa2e32 -> 
  custom:CustomObjectIndexerAttribute: 756ad292c208cfabdd7b50bc23989ffe -> 
  custom:container-demuxer-webm: 4f35f7cbe854078d1ac9338744f61a02 -> 
  custom:container-muxer-webm: aa71ff27fc2769a1b78a27578f13a17b -> 
  custom:video-decoder-webm-vp8: 9c59270c3fd7afecdb556c50c9e8de78 -> 
  custom:SearchIndexIgnoredProperties: e643bd26f0fe6173181afceb89e7c659 -> 
  custom:AudioImporter_EditorPlatform: d09bf68614088b80899f8185d706f6e7 -> 
  custom:video-encoder-webm-vp8: eb34c28f22e8b96e1ab97ce403110664 -> 
  custom:audio-decoder-ogg-vorbis: bf7c407c2cedff20999df2af8eb42d56 -> 
  custom:audio-encoder-webm-vorbis: bf7c407c2cedff20999df2af8eb42d56 -> 
========================================================================
Received Prepare
Begin MonoManager ReloadAssembly
- Loaded All Assemblies, in  0.304 seconds
Refreshing native plugins compatible for Editor in 3.46 ms, found 4 plugins.
Native extension for WindowsStandalone target not found
Native extension for WebGL target not found
[Package Manager] Server::EnsureServerProcessIsRunning -- launch failed, reason: Unity was launched with the -noUpm command-line argument
[Package Manager] UpmClient::Send -- Unable to send message (not connected to UPM process).
[Package Manager] Cannot connect to Unity Package Manager local server
Mono: successfully reloaded assembly
- Finished resetting the current domain, in  0.860 seconds
Domain Reload Profiling: 1161ms
	BeginReloadAssembly (110ms)
		ExecutionOrderSort (0ms)
		DisableScriptedObjects (7ms)
		BackupInstance (0ms)
		ReleaseScriptingObjects (0ms)
		CreateAndSetChildDomain (27ms)
	RebuildCommonClasses (19ms)
	RebuildNativeTypeToScriptingClass (8ms)
	initialDomainReloadingComplete (21ms)
	LoadAllAssembliesAndSetupDomain (144ms)
		LoadAssemblies (190ms)
		RebuildTransferFunctionScriptingTraits (0ms)
		AnalyzeDomain (7ms)
			TypeCache.Refresh (4ms)
				TypeCache.ScanAssembly (0ms)
			ScanForSourceGeneratedMonoScriptInfo (0ms)
			ResolveRequiredComponents (3ms)
	FinalizeReload (860ms)
		ReleaseScriptCaches (0ms)
		RebuildScriptCaches (0ms)
		SetupLoadedEditorAssemblies (384ms)
			LogAssemblyErrors (0ms)
			InitializePlatformSupportModulesInManaged (7ms)
			SetLoadedEditorAssemblies (3ms)
			RefreshPlugins (0ms)
			BeforeProcessingInitializeOnLoad (72ms)
			ProcessInitializeOnLoadAttributes (262ms)
			ProcessInitializeOnLoadMethodAttributes (30ms)
			AfterProcessingInitializeOnLoad (9ms)
			EditorAssembliesLoaded (0ms)
		ExecutionOrderSort2 (0ms)
		AwakeInstancesAfterBackupRestoration (14ms)
Refreshing native plugins compatible for Editor in 4.84 ms, found 4 plugins.
Preloading 0 native plugins for Editor in 0.00 ms.
Unloading 4000 Unused Serialized files (Serialized files now loaded: 0)
Unloading 41 unused Assets / (216.8 KB). Loaded Objects now: 4490.
Memory consumption went from 140.3 MB to 140.0 MB.
Total: 3.439800 ms (FindLiveObjects: 0.288200 ms CreateObjectMapping: 0.139600 ms MarkObjects: 2.787600 ms  DeleteObjects: 0.223400 ms)

Prepare: number of updated asset objects reloaded= 0
AssetImportParameters requested are different than current active one (requested -> active):
  custom:container-demuxer-ogg: 62fdf1f143b41e24485cea50d1cbac27 -> 
  custom:video-codec-MediaFoundation-h265: 746d11721c4dcdbdad8f713fa42b33f4 -> 
  custom:video-decoder-ogg-theora: a1e56fd34408186e4bbccfd4996cb3dc -> 
  custom:framework-win-MediaFoundation: 216162199b28c13a410421893ffa2e32 -> 
  custom:CustomObjectIndexerAttribute: 756ad292c208cfabdd7b50bc23989ffe -> 
  custom:container-demuxer-webm: 4f35f7cbe854078d1ac9338744f61a02 -> 
  custom:container-muxer-webm: aa71ff27fc2769a1b78a27578f13a17b -> 
  custom:video-decoder-webm-vp8: 9c59270c3fd7afecdb556c50c9e8de78 -> 
  custom:SearchIndexIgnoredProperties: e643bd26f0fe6173181afceb89e7c659 -> 
  custom:AudioImporter_EditorPlatform: d09bf68614088b80899f8185d706f6e7 -> 
  custom:video-encoder-webm-vp8: eb34c28f22e8b96e1ab97ce403110664 -> 
  custom:audio-decoder-ogg-vorbis: bf7c407c2cedff20999df2af8eb42d56 -> 
  custom:audio-encoder-webm-vorbis: bf7c407c2cedff20999df2af8eb42d56 -> 
========================================================================
Received Prepare
Begin MonoManager ReloadAssembly
- Loaded All Assemblies, in  0.310 seconds
Refreshing native plugins compatible for Editor in 3.71 ms, found 4 plugins.
Native extension for WindowsStandalone target not found
Native extension for WebGL target not found
[Package Manager] Server::EnsureServerProcessIsRunning -- launch failed, reason: Unity was launched with the -noUpm command-line argument
[Package Manager] UpmClient::Send -- Unable to send message (not connected to UPM process).
[Package Manager] Cannot connect to Unity Package Manager local server
Mono: successfully reloaded assembly
- Finished resetting the current domain, in  0.735 seconds
Domain Reload Profiling: 1042ms
	BeginReloadAssembly (111ms)
		ExecutionOrderSort (0ms)
		DisableScriptedObjects (7ms)
		BackupInstance (0ms)
		ReleaseScriptingObjects (0ms)
		CreateAndSetChildDomain (26ms)
	RebuildCommonClasses (20ms)
	RebuildNativeTypeToScriptingClass (7ms)
	initialDomainReloadingComplete (20ms)
	LoadAllAssembliesAndSetupDomain (148ms)
		LoadAssemblies (194ms)
		RebuildTransferFunctionScriptingTraits (0ms)
		AnalyzeDomain (7ms)
			TypeCache.Refresh (4ms)
				TypeCache.ScanAssembly (0ms)
			ScanForSourceGeneratedMonoScriptInfo (0ms)
			ResolveRequiredComponents (3ms)
	FinalizeReload (735ms)
		ReleaseScriptCaches (0ms)
		RebuildScriptCaches (0ms)
		SetupLoadedEditorAssemblies (300ms)
			LogAssemblyErrors (0ms)
			InitializePlatformSupportModulesInManaged (5ms)
			SetLoadedEditorAssemblies (2ms)
			RefreshPlugins (0ms)
			BeforeProcessingInitializeOnLoad (54ms)
			ProcessInitializeOnLoadAttributes (206ms)
			ProcessInitializeOnLoadMethodAttributes (27ms)
			AfterProcessingInitializeOnLoad (6ms)
			EditorAssembliesLoaded (0ms)
		ExecutionOrderSort2 (0ms)
		AwakeInstancesAfterBackupRestoration (12ms)
Refreshing native plugins compatible for Editor in 5.28 ms, found 4 plugins.
Preloading 0 native plugins for Editor in 0.00 ms.
Unloading 4000 Unused Serialized files (Serialized files now loaded: 0)
Unloading 41 unused Assets / (216.9 KB). Loaded Objects now: 4494.
Memory consumption went from 140.3 MB to 140.1 MB.
Total: 4.173800 ms (FindLiveObjects: 0.476500 ms CreateObjectMapping: 0.221500 ms MarkObjects: 3.263800 ms  DeleteObjects: 0.210700 ms)

Prepare: number of updated asset objects reloaded= 0
AssetImportParameters requested are different than current active one (requested -> active):
  custom:container-demuxer-ogg: 62fdf1f143b41e24485cea50d1cbac27 -> 
  custom:video-codec-MediaFoundation-h265: 746d11721c4dcdbdad8f713fa42b33f4 -> 
  custom:video-decoder-ogg-theora: a1e56fd34408186e4bbccfd4996cb3dc -> 
  custom:framework-win-MediaFoundation: 216162199b28c13a410421893ffa2e32 -> 
  custom:CustomObjectIndexerAttribute: 756ad292c208cfabdd7b50bc23989ffe -> 
  custom:container-demuxer-webm: 4f35f7cbe854078d1ac9338744f61a02 -> 
  custom:container-muxer-webm: aa71ff27fc2769a1b78a27578f13a17b -> 
  custom:video-decoder-webm-vp8: 9c59270c3fd7afecdb556c50c9e8de78 -> 
  custom:SearchIndexIgnoredProperties: e643bd26f0fe6173181afceb89e7c659 -> 
  custom:AudioImporter_EditorPlatform: d09bf68614088b80899f8185d706f6e7 -> 
  custom:video-encoder-webm-vp8: eb34c28f22e8b96e1ab97ce403110664 -> 
  custom:audio-decoder-ogg-vorbis: bf7c407c2cedff20999df2af8eb42d56 -> 
  custom:audio-encoder-webm-vorbis: bf7c407c2cedff20999df2af8eb42d56 -> 
========================================================================
Received Prepare
Begin MonoManager ReloadAssembly
- Loaded All Assemblies, in  0.305 seconds
Refreshing native plugins compatible for Editor in 3.72 ms, found 4 plugins.
Native extension for WindowsStandalone target not found
Native extension for WebGL target not found
[Package Manager] Server::EnsureServerProcessIsRunning -- launch failed, reason: Unity was launched with the -noUpm command-line argument
[Package Manager] UpmClient::Send -- Unable to send message (not connected to UPM process).
[Package Manager] Cannot connect to Unity Package Manager local server
Mono: successfully reloaded assembly
- Finished resetting the current domain, in  0.909 seconds
Domain Reload Profiling: 1212ms
	BeginReloadAssembly (108ms)
		ExecutionOrderSort (0ms)
		DisableScriptedObjects (7ms)
		BackupInstance (0ms)
		ReleaseScriptingObjects (0ms)
		CreateAndSetChildDomain (25ms)
	RebuildCommonClasses (20ms)
	RebuildNativeTypeToScriptingClass (8ms)
	initialDomainReloadingComplete (21ms)
	LoadAllAssembliesAndSetupDomain (146ms)
		LoadAssemblies (190ms)
		RebuildTransferFunctionScriptingTraits (0ms)
		AnalyzeDomain (7ms)
			TypeCache.Refresh (4ms)
				TypeCache.ScanAssembly (0ms)
			ScanForSourceGeneratedMonoScriptInfo (0ms)
			ResolveRequiredComponents (3ms)
	FinalizeReload (910ms)
		ReleaseScriptCaches (0ms)
		RebuildScriptCaches (0ms)
		SetupLoadedEditorAssemblies (450ms)
			LogAssemblyErrors (0ms)
			InitializePlatformSupportModulesInManaged (8ms)
			SetLoadedEditorAssemblies (3ms)
			RefreshPlugins (0ms)
			BeforeProcessingInitializeOnLoad (79ms)
			ProcessInitializeOnLoadAttributes (318ms)
			ProcessInitializeOnLoadMethodAttributes (32ms)
			AfterProcessingInitializeOnLoad (8ms)
			EditorAssembliesLoaded (0ms)
		ExecutionOrderSort2 (0ms)
		AwakeInstancesAfterBackupRestoration (16ms)
Refreshing native plugins compatible for Editor in 5.10 ms, found 4 plugins.
Preloading 0 native plugins for Editor in 0.00 ms.
Unloading 4000 Unused Serialized files (Serialized files now loaded: 0)
Unloading 41 unused Assets / (216.8 KB). Loaded Objects now: 4498.
Memory consumption went from 140.3 MB to 140.1 MB.
Total: 3.852600 ms (FindLiveObjects: 0.341200 ms CreateObjectMapping: 0.147600 ms MarkObjects: 3.169400 ms  DeleteObjects: 0.193400 ms)

Prepare: number of updated asset objects reloaded= 0
AssetImportParameters requested are different than current active one (requested -> active):
  custom:container-demuxer-ogg: 62fdf1f143b41e24485cea50d1cbac27 -> 
  custom:video-codec-MediaFoundation-h265: 746d11721c4dcdbdad8f713fa42b33f4 -> 
  custom:video-decoder-ogg-theora: a1e56fd34408186e4bbccfd4996cb3dc -> 
  custom:framework-win-MediaFoundation: 216162199b28c13a410421893ffa2e32 -> 
  custom:CustomObjectIndexerAttribute: 756ad292c208cfabdd7b50bc23989ffe -> 
  custom:container-demuxer-webm: 4f35f7cbe854078d1ac9338744f61a02 -> 
  custom:container-muxer-webm: aa71ff27fc2769a1b78a27578f13a17b -> 
  custom:video-decoder-webm-vp8: 9c59270c3fd7afecdb556c50c9e8de78 -> 
  custom:SearchIndexIgnoredProperties: e643bd26f0fe6173181afceb89e7c659 -> 
  custom:AudioImporter_EditorPlatform: d09bf68614088b80899f8185d706f6e7 -> 
  custom:video-encoder-webm-vp8: eb34c28f22e8b96e1ab97ce403110664 -> 
  custom:audio-decoder-ogg-vorbis: bf7c407c2cedff20999df2af8eb42d56 -> 
  custom:audio-encoder-webm-vorbis: bf7c407c2cedff20999df2af8eb42d56 -> 
========================================================================
Received Import Request.
  Time since last request: 510.356619 seconds.
  path: Assets/animation/attack.anim
  artifactKey: Guid(e9826893e79c66445a0fbe549b060de8) Importer(2089858483,0ecaa5967403d082aa24f35e1b516d23)
Start importing Assets/animation/attack.anim using Guid(e9826893e79c66445a0fbe549b060de8) Importer(2089858483,0ecaa5967403d082aa24f35e1b516d23) Generated GUIDs only implemented for interfaces!
 -> (artifact id: '4265ec1a779187818863ec2ac7147d79') in 0.084160 seconds
Number of updated asset objects reloaded before import = 0
Number of asset objects unloaded after import = 1
========================================================================
Received Import Request.
  Time since last request: 0.000017 seconds.
  path: Assets/Knight Files/Knight PNG/Knight_jumpAttack_02.png
  artifactKey: Guid(59654bf7ee90c6c488dc992e9dff77f9) Importer(2089858483,0ecaa5967403d082aa24f35e1b516d23)
Start importing Assets/Knight Files/Knight PNG/Knight_jumpAttack_02.png using Guid(59654bf7ee90c6c488dc992e9dff77f9) Importer(2089858483,0ecaa5967403d082aa24f35e1b516d23) Generated GUIDs only implemented for interfaces!
 -> (artifact id: '3a914a49ec3c70959f4193367f7e5d7f') in 0.046718 seconds
Number of updated asset objects reloaded before import = 0
Number of asset objects unloaded after import = 3
========================================================================
Received Import Request.
  Time since last request: 0.000016 seconds.
  path: Assets/Knight Files/Effect & FireBalls/explosion_03.png
  artifactKey: Guid(75a3e049c8703dd4c8c520102a77bd15) Importer(2089858483,0ecaa5967403d082aa24f35e1b516d23)
Start importing Assets/Knight Files/Effect & FireBalls/explosion_03.png using Guid(75a3e049c8703dd4c8c520102a77bd15) Importer(2089858483,0ecaa5967403d082aa24f35e1b516d23) Generated GUIDs only implemented for interfaces!
 -> (artifact id: '4d48102125be519a3763ff7f79b35abf') in 0.020099 seconds
Number of updated asset objects reloaded before import = 0
Number of asset objects unloaded after import = 3
========================================================================
Received Import Request.
  Time since last request: 0.000022 seconds.
  path: Assets/Knight Files/Body Parts/Legs.png
  artifactKey: Guid(62ee3ccb82dad494e87e6f58795f2132) Importer(2089858483,0ecaa5967403d082aa24f35e1b516d23)
Start importing Assets/Knight Files/Body Parts/Legs.png using Guid(62ee3ccb82dad494e87e6f58795f2132) Importer(2089858483,0ecaa5967403d082aa24f35e1b516d23) Generated GUIDs only implemented for interfaces!
 -> (artifact id: 'f26a36a48bba662c522eda1a0f81b278') in 0.021313 seconds
Number of updated asset objects reloaded before import = 0
Number of asset objects unloaded after import = 3
========================================================================
Received Import Request.
  Time since last request: 0.000020 seconds.
  path: Assets/Knight Files/Knight PNG/Knight_cast_04.png
  artifactKey: Guid(75fdd5fab73368241af6833a5b8a660f) Importer(2089858483,0ecaa5967403d082aa24f35e1b516d23)
Start importing Assets/Knight Files/Knight PNG/Knight_cast_04.png using Guid(75fdd5fab73368241af6833a5b8a660f) Importer(2089858483,0ecaa5967403d082aa24f35e1b516d23) Generated GUIDs only implemented for interfaces!
 -> (artifact id: '9ddb2da388af0c4513d5a5e12e5d0e28') in 0.027428 seconds
Number of updated asset objects reloaded before import = 0
Number of asset objects unloaded after import = 3
========================================================================
Received Import Request.
  Time since last request: 0.000014 seconds.
  path: Assets/Knight Files/Knight PNG/Knight_idle_04.png
  artifactKey: Guid(7425003c38c00d144af86a40ba87c12d) Importer(2089858483,0ecaa5967403d082aa24f35e1b516d23)
Start importing Assets/Knight Files/Knight PNG/Knight_idle_04.png using Guid(7425003c38c00d144af86a40ba87c12d) Importer(2089858483,0ecaa5967403d082aa24f35e1b516d23) Generated GUIDs only implemented for interfaces!
 -> (artifact id: '0828201c7ce5f562dbec9a44e5e5fd5a') in 0.025966 seconds
Number of updated asset objects reloaded before import = 0
Number of asset objects unloaded after import = 3
========================================================================
Received Import Request.
  Time since last request: 0.000014 seconds.
  path: Assets/animation/Walk.anim
  artifactKey: Guid(271f135f77a0a5d4e8770074152dde81) Importer(2089858483,0ecaa5967403d082aa24f35e1b516d23)
Start importing Assets/animation/Walk.anim using Guid(271f135f77a0a5d4e8770074152dde81) Importer(2089858483,0ecaa5967403d082aa24f35e1b516d23) Generated GUIDs only implemented for interfaces!
 -> (artifact id: '1b470f4d9441bc307ec637c967645768') in 0.011158 seconds
Number of updated asset objects reloaded before import = 0
Number of asset objects unloaded after import = 1
========================================================================
Received Import Request.
  Time since last request: 0.000082 seconds.
  path: Assets/Knight Files/Effect & FireBalls/particlel.png
  artifactKey: Guid(6dec5c53ddfb4414b95f16b2cdde7280) Importer(2089858483,0ecaa5967403d082aa24f35e1b516d23)
Start importing Assets/Knight Files/Effect & FireBalls/particlel.png using Guid(6dec5c53ddfb4414b95f16b2cdde7280) Importer(2089858483,0ecaa5967403d082aa24f35e1b516d23) Generated GUIDs only implemented for interfaces!
 -> (artifact id: '864e0bdb790fbe96acdf1c35fb0f8364') in 0.029050 seconds
Number of updated asset objects reloaded before import = 0
Number of asset objects unloaded after import = 3
========================================================================
Received Import Request.
  Time since last request: 0.000021 seconds.
  path: Assets/Knight Files/Knight PNG/Knight_jump_02.png
  artifactKey: Guid(355f117cc929dbb43875dd51720e2e64) Importer(2089858483,0ecaa5967403d082aa24f35e1b516d23)
Start importing Assets/Knight Files/Knight PNG/Knight_jump_02.png using Guid(355f117cc929dbb43875dd51720e2e64) Importer(2089858483,0ecaa5967403d082aa24f35e1b516d23) Generated GUIDs only implemented for interfaces!
 -> (artifact id: '70706e9b14c8b8fae2df3369608532c3') in 0.023303 seconds
Number of updated asset objects reloaded before import = 0
Number of asset objects unloaded after import = 3
========================================================================
Received Import Request.
  Time since last request: 0.000027 seconds.
  path: Assets/Knight Files/Effect & FireBalls/explosion_02.png
  artifactKey: Guid(a8a81f7163fa29442b63b47d751d64dd) Importer(2089858483,0ecaa5967403d082aa24f35e1b516d23)
Start importing Assets/Knight Files/Effect & FireBalls/explosion_02.png using Guid(a8a81f7163fa29442b63b47d751d64dd) Importer(2089858483,0ecaa5967403d082aa24f35e1b516d23) Generated GUIDs only implemented for interfaces!
 -> (artifact id: '819d22a100ef62cd0e266116cf1b7fb5') in 0.031213 seconds
Number of updated asset objects reloaded before import = 0
Number of asset objects unloaded after import = 3
========================================================================
Received Import Request.
  Time since last request: 0.000027 seconds.
  path: Assets/Knight Files/Knight PNG/Knight_hurt_01.png
  artifactKey: Guid(97b66dffb07ccfe48a6fe981c87cf40a) Importer(2089858483,0ecaa5967403d082aa24f35e1b516d23)
Start importing Assets/Knight Files/Knight PNG/Knight_hurt_01.png using Guid(97b66dffb07ccfe48a6fe981c87cf40a) Importer(2089858483,0ecaa5967403d082aa24f35e1b516d23) Generated GUIDs only implemented for interfaces!
 -> (artifact id: '570cad52ada3dd817b7e4fa89b442f0e') in 0.024521 seconds
Number of updated asset objects reloaded before import = 0
Number of asset objects unloaded after import = 3
========================================================================
Received Import Request.
  Time since last request: 0.000011 seconds.
  path: Assets/Script/AnimationHandler.cs
  artifactKey: Guid(85d585ef3d414e64184699e9f8ef6c2b) Importer(2089858483,0ecaa5967403d082aa24f35e1b516d23)
Start importing Assets/Script/AnimationHandler.cs using Guid(85d585ef3d414e64184699e9f8ef6c2b) Importer(2089858483,0ecaa5967403d082aa24f35e1b516d23) Generated GUIDs only implemented for interfaces!
 -> (artifact id: '12d6fde527fbb6e57eb80a663ba9edd2') in 0.009516 seconds
Number of updated asset objects reloaded before import = 0
Number of asset objects unloaded after import = 1
========================================================================
Received Import Request.
  Time since last request: 0.000015 seconds.
  path: Assets/animation/perso2/idle.anim
  artifactKey: Guid(927bf6fed64fa0247b503cfedef2f81e) Importer(2089858483,0ecaa5967403d082aa24f35e1b516d23)
Start importing Assets/animation/perso2/idle.anim using Guid(927bf6fed64fa0247b503cfedef2f81e) Importer(2089858483,0ecaa5967403d082aa24f35e1b516d23) Generated GUIDs only implemented for interfaces!
 -> (artifact id: '11774e11fc059eec5b143e0545a8b9fc') in 0.007502 seconds
Number of updated asset objects reloaded before import = 0
Number of asset objects unloaded after import = 1
========================================================================
Received Import Request.
  Time since last request: 0.000054 seconds.
  path: Assets/Knight Files/Knight PNG/Knight_die_01.png
  artifactKey: Guid(d31612dc50d7c944ca419836362a0112) Importer(2089858483,0ecaa5967403d082aa24f35e1b516d23)
Start importing Assets/Knight Files/Knight PNG/Knight_die_01.png using Guid(d31612dc50d7c944ca419836362a0112) Importer(2089858483,0ecaa5967403d082aa24f35e1b516d23) Generated GUIDs only implemented for interfaces!
 -> (artifact id: 'a486609be2c3cd77429a428043318e8d') in 0.029067 seconds
Number of updated asset objects reloaded before import = 0
Number of asset objects unloaded after import = 3
========================================================================
Received Import Request.
  Time since last request: 0.000019 seconds.
  path: Assets/Knight Files/Knight PNG/Knight_jumpAttack_05.png
  artifactKey: Guid(287f6e82c01296746998b61fb7e842da) Importer(2089858483,0ecaa5967403d082aa24f35e1b516d23)
Start importing Assets/Knight Files/Knight PNG/Knight_jumpAttack_05.png using Guid(287f6e82c01296746998b61fb7e842da) Importer(2089858483,0ecaa5967403d082aa24f35e1b516d23) Generated GUIDs only implemented for interfaces!
 -> (artifact id: 'f29eddead9a8c073db9aa057adfd6267') in 0.023553 seconds
Number of updated asset objects reloaded before import = 0
Number of asset objects unloaded after import = 3
========================================================================
Received Import Request.
  Time since last request: 0.000018 seconds.
  path: Assets/Knight Files/Effect & FireBalls/dashwind_04.png
  artifactKey: Guid(11b06cbf4f893364d9735dbb77333dd5) Importer(2089858483,0ecaa5967403d082aa24f35e1b516d23)
Start importing Assets/Knight Files/Effect & FireBalls/dashwind_04.png using Guid(11b06cbf4f893364d9735dbb77333dd5) Importer(2089858483,0ecaa5967403d082aa24f35e1b516d23) Generated GUIDs only implemented for interfaces!
 -> (artifact id: '9b8164ee59efe44bb9b0813edb0462b9') in 0.035781 seconds
Number of updated asset objects reloaded before import = 0
Number of asset objects unloaded after import = 3
========================================================================
Received Import Request.
  Time since last request: 0.000022 seconds.
  path: Assets/Knight Files/Knight PNG/Knight_jump_01.png
  artifactKey: Guid(7aa182603b724964d971bbfdfa1d309d) Importer(2089858483,0ecaa5967403d082aa24f35e1b516d23)
Start importing Assets/Knight Files/Knight PNG/Knight_jump_01.png using Guid(7aa182603b724964d971bbfdfa1d309d) Importer(2089858483,0ecaa5967403d082aa24f35e1b516d23) Generated GUIDs only implemented for interfaces!
 -> (artifact id: '9577c0461c4dc6dcad5cc597a0f4cefd') in 0.028496 seconds
Number of updated asset objects reloaded before import = 0
Number of asset objects unloaded after import = 3
========================================================================
Received Import Request.
  Time since last request: 0.000018 seconds.
  path: Assets/Knight Files/Knight PNG/Knight_walk_03.png
  artifactKey: Guid(bde3991f219560149aecb109a8aea6b3) Importer(2089858483,0ecaa5967403d082aa24f35e1b516d23)
Start importing Assets/Knight Files/Knight PNG/Knight_walk_03.png using Guid(bde3991f219560149aecb109a8aea6b3) Importer(2089858483,0ecaa5967403d082aa24f35e1b516d23) Generated GUIDs only implemented for interfaces!
 -> (artifact id: '22c55b2adbcc71d2312e305e6cac9d2d') in 0.037607 seconds
Number of updated asset objects reloaded before import = 0
Number of asset objects unloaded after import = 3
========================================================================
Received Import Request.
  Time since last request: 0.000013 seconds.
  path: Assets/Knight Files/Knight PNG/Knight_block_03.png
  artifactKey: Guid(f19194380b336484099aab78a0470803) Importer(2089858483,0ecaa5967403d082aa24f35e1b516d23)
Start importing Assets/Knight Files/Knight PNG/Knight_block_03.png using Guid(f19194380b336484099aab78a0470803) Importer(2089858483,0ecaa5967403d082aa24f35e1b516d23) Generated GUIDs only implemented for interfaces!
 -> (artifact id: 'a8518a6d498292b4e3297d59a5d5aa85') in 0.040604 seconds
Number of updated asset objects reloaded before import = 0
Number of asset objects unloaded after import = 3
========================================================================
Received Import Request.
  Time since last request: 0.000020 seconds.
  path: Assets/Knight Files/Knight PNG/Knight_idle_03.png
  artifactKey: Guid(754f43f8fc4997f42b16428846136321) Importer(2089858483,0ecaa5967403d082aa24f35e1b516d23)
Start importing Assets/Knight Files/Knight PNG/Knight_idle_03.png using Guid(754f43f8fc4997f42b16428846136321) Importer(2089858483,0ecaa5967403d082aa24f35e1b516d23) Generated GUIDs only implemented for interfaces!
 -> (artifact id: '37b7a374a00199c8f8afcd7d94ee0b81') in 0.032922 seconds
Number of updated asset objects reloaded before import = 0
Number of asset objects unloaded after import = 3
========================================================================
Received Import Request.
  Time since last request: 0.000033 seconds.
  path: Assets/Knight Files/Knight PNG/Knight_die_05.png
  artifactKey: Guid(8143c843fd2934a4880584640fa50c21) Importer(2089858483,0ecaa5967403d082aa24f35e1b516d23)
Start importing Assets/Knight Files/Knight PNG/Knight_die_05.png using Guid(8143c843fd2934a4880584640fa50c21) Importer(2089858483,0ecaa5967403d082aa24f35e1b516d23) Generated GUIDs only implemented for interfaces!
 -> (artifact id: 'ea5f496d2595f52cf5e04c963d866b7a') in 0.034404 seconds
Number of updated asset objects reloaded before import = 0
Number of asset objects unloaded after import = 3
========================================================================
Received Import Request.
  Time since last request: 0.000037 seconds.
  path: Assets/animation/perso2/changePosition.anim
  artifactKey: Guid(07187fbd77ae8fa45a58f357eb140f48) Importer(2089858483,0ecaa5967403d082aa24f35e1b516d23)
Start importing Assets/animation/perso2/changePosition.anim using Guid(07187fbd77ae8fa45a58f357eb140f48) Importer(2089858483,0ecaa5967403d082aa24f35e1b516d23) Generated GUIDs only implemented for interfaces!
 -> (artifact id: '29bcdd5a31a26ece66139dc2b223e4c7') in 0.011214 seconds
Number of updated asset objects reloaded before import = 0
Number of asset objects unloaded after import = 1
========================================================================
Received Import Request.
  Time since last request: 0.000017 seconds.
  path: Assets/Knight Files/Knight PNG/Knight_block_02.png
  artifactKey: Guid(276de7332cc176343be57d605b70bdb3) Importer(2089858483,0ecaa5967403d082aa24f35e1b516d23)
Start importing Assets/Knight Files/Knight PNG/Knight_block_02.png using Guid(276de7332cc176343be57d605b70bdb3) Importer(2089858483,0ecaa5967403d082aa24f35e1b516d23) Generated GUIDs only implemented for interfaces!
 -> (artifact id: '2eabe4dea6c9e952fbae2db9507edf92') in 0.032092 seconds
Number of updated asset objects reloaded before import = 0
Number of asset objects unloaded after import = 3
========================================================================
Received Import Request.
  Time since last request: 0.000019 seconds.
  path: Assets/Knight Files/Knight PNG/Knight_attack_03.png
  artifactKey: Guid(0ffdf19da652afe48a12609e61ed7b94) Importer(2089858483,0ecaa5967403d082aa24f35e1b516d23)
Start importing Assets/Knight Files/Knight PNG/Knight_attack_03.png using Guid(0ffdf19da652afe48a12609e61ed7b94) Importer(2089858483,0ecaa5967403d082aa24f35e1b516d23) Generated GUIDs only implemented for interfaces!
 -> (artifact id: '3408c01c182a94a74f2aacf1e16f3424') in 0.042866 seconds
Number of updated asset objects reloaded before import = 0
Number of asset objects unloaded after import = 3
========================================================================
Received Import Request.
  Time since last request: 0.000036 seconds.
  path: Assets/Knight Files/Body Parts/Head.png
  artifactKey: Guid(e480585590b117443974744d58ee2162) Importer(2089858483,0ecaa5967403d082aa24f35e1b516d23)
Start importing Assets/Knight Files/Body Parts/Head.png using Guid(e480585590b117443974744d58ee2162) Importer(2089858483,0ecaa5967403d082aa24f35e1b516d23) Generated GUIDs only implemented for interfaces!
 -> (artifact id: '2fbce90e9e04c0de1be3ba10cd05c2ba') in 0.045081 seconds
Number of updated asset objects reloaded before import = 0
Number of asset objects unloaded after import = 3
========================================================================
Received Import Request.
  Time since last request: 0.000026 seconds.
  path: Assets/Knight Files/Knight PNG/Knight_jumpAttack_01.png
  artifactKey: Guid(0a4d423af81ef4f409f288a957a6f6ff) Importer(2089858483,0ecaa5967403d082aa24f35e1b516d23)
Start importing Assets/Knight Files/Knight PNG/Knight_jumpAttack_01.png using Guid(0a4d423af81ef4f409f288a957a6f6ff) Importer(2089858483,0ecaa5967403d082aa24f35e1b516d23) Generated GUIDs only implemented for interfaces!
 -> (artifact id: 'd57252306a814e73224f6e91d1181546') in 0.038311 seconds
Number of updated asset objects reloaded before import = 0
Number of asset objects unloaded after import = 3
========================================================================
Received Import Request.
  Time since last request: 0.000017 seconds.
  path: Assets/Knight Files/Effect & FireBalls/explosion_04.png
  artifactKey: Guid(296ac19e2147e67408eed4611d3f93f4) Importer(2089858483,0ecaa5967403d082aa24f35e1b516d23)
Start importing Assets/Knight Files/Effect & FireBalls/explosion_04.png using Guid(296ac19e2147e67408eed4611d3f93f4) Importer(2089858483,0ecaa5967403d082aa24f35e1b516d23) Generated GUIDs only implemented for interfaces!
 -> (artifact id: '917e74e471e03372130c711ba27fca7e') in 0.030356 seconds
Number of updated asset objects reloaded before import = 0
Number of asset objects unloaded after import = 3
========================================================================
Received Import Request.
  Time since last request: 0.000015 seconds.
  path: Assets/Knight Files/Effect & FireBalls/fireball_02.png
  artifactKey: Guid(827412c064980044da53686fae1670db) Importer(2089858483,0ecaa5967403d082aa24f35e1b516d23)
Start importing Assets/Knight Files/Effect & FireBalls/fireball_02.png using Guid(827412c064980044da53686fae1670db) Importer(2089858483,0ecaa5967403d082aa24f35e1b516d23) Generated GUIDs only implemented for interfaces!
 -> (artifact id: '1dab3aa57b8ce200f991e33755f94bf9') in 0.029939 seconds
Number of updated asset objects reloaded before import = 0
Number of asset objects unloaded after import = 3
========================================================================
Received Import Request.
  Time since last request: 0.000028 seconds.
  path: Assets/Knight Files/Knight AI.ai
  artifactKey: Guid(98d3c9d84aeb7a148b45df38c213b631) Importer(2089858483,0ecaa5967403d082aa24f35e1b516d23)
Start importing Assets/Knight Files/Knight AI.ai using Guid(98d3c9d84aeb7a148b45df38c213b631) Importer(2089858483,0ecaa5967403d082aa24f35e1b516d23) Generated GUIDs only implemented for interfaces!
 -> (artifact id: 'a78c46470b1c1ed8b88e90e1388a32c3') in 0.008890 seconds
Number of updated asset objects reloaded before import = 0
Number of asset objects unloaded after import = 1
========================================================================
Received Import Request.
  Time since last request: 0.000049 seconds.
  path: Assets/Knight Files/Effect & FireBalls/dashwind_06.png
  artifactKey: Guid(4cb7b9b52e6ff634d996fa09d0a74305) Importer(2089858483,0ecaa5967403d082aa24f35e1b516d23)
Start importing Assets/Knight Files/Effect & FireBalls/dashwind_06.png using Guid(4cb7b9b52e6ff634d996fa09d0a74305) Importer(2089858483,0ecaa5967403d082aa24f35e1b516d23) Generated GUIDs only implemented for interfaces!
 -> (artifact id: '695870d0661d8af7001754cb2d476f23') in 0.027943 seconds
Number of updated asset objects reloaded before import = 0
Number of asset objects unloaded after import = 3
========================================================================
Received Import Request.
  Time since last request: 0.000026 seconds.
  path: Assets/Script/SuperAnimationHandler.cs
  artifactKey: Guid(fecf559eba2fb6a4f93e55d92c8f1919) Importer(2089858483,0ecaa5967403d082aa24f35e1b516d23)
Start importing Assets/Script/SuperAnimationHandler.cs using Guid(fecf559eba2fb6a4f93e55d92c8f1919) Importer(2089858483,0ecaa5967403d082aa24f35e1b516d23) Generated GUIDs only implemented for interfaces!
 -> (artifact id: 'd775275e8a1248871bb381f3eeb46e7e') in 0.011902 seconds
Number of updated asset objects reloaded before import = 0
Number of asset objects unloaded after import = 1
========================================================================
Received Import Request.
  Time since last request: 0.000115 seconds.
  path: Assets/Knight Files/Knight PNG/Knight_dash_01.png
  artifactKey: Guid(cc3764316778c2342933cd8b955a0606) Importer(2089858483,0ecaa5967403d082aa24f35e1b516d23)
Start importing Assets/Knight Files/Knight PNG/Knight_dash_01.png using Guid(cc3764316778c2342933cd8b955a0606) Importer(2089858483,0ecaa5967403d082aa24f35e1b516d23) Generated GUIDs only implemented for interfaces!
 -> (artifact id: '00bd7a5763f2b6caf6a5aa5da652b404') in 0.029197 seconds
Number of updated asset objects reloaded before import = 0
Number of asset objects unloaded after import = 3
========================================================================
Received Import Request.
  Time since last request: 0.000021 seconds.
  path: Assets/Knight Files/Effect & FireBalls/explosion_01.png
  artifactKey: Guid(293276643bb2ddd408d9145f15db23e2) Importer(2089858483,0ecaa5967403d082aa24f35e1b516d23)
Start importing Assets/Knight Files/Effect & FireBalls/explosion_01.png using Guid(293276643bb2ddd408d9145f15db23e2) Importer(2089858483,0ecaa5967403d082aa24f35e1b516d23) Generated GUIDs only implemented for interfaces!
 -> (artifact id: '927c8bdd7051717142700952fe1004f8') in 0.028445 seconds
Number of updated asset objects reloaded before import = 0
Number of asset objects unloaded after import = 3
========================================================================
Received Import Request.
  Time since last request: 0.000015 seconds.
  path: Assets/Knight Files/Knight PNG/Knight_strike_02.png
  artifactKey: Guid(921dcf3f9d644d449a7f5bfb01f2dcfb) Importer(2089858483,0ecaa5967403d082aa24f35e1b516d23)
Start importing Assets/Knight Files/Knight PNG/Knight_strike_02.png using Guid(921dcf3f9d644d449a7f5bfb01f2dcfb) Importer(2089858483,0ecaa5967403d082aa24f35e1b516d23) Generated GUIDs only implemented for interfaces!
 -> (artifact id: '90f4ca598670efe78c06f649eb166d27') in 0.029947 seconds
Number of updated asset objects reloaded before import = 0
Number of asset objects unloaded after import = 3
========================================================================
Received Import Request.
  Time since last request: 0.000019 seconds.
  path: Assets/Knight Files/Knight PNG/Knight_die_07.png
  artifactKey: Guid(bb85b7b5b670de546b0be388480e0a78) Importer(2089858483,0ecaa5967403d082aa24f35e1b516d23)
Start importing Assets/Knight Files/Knight PNG/Knight_die_07.png using Guid(bb85b7b5b670de546b0be388480e0a78) Importer(2089858483,0ecaa5967403d082aa24f35e1b516d23) Generated GUIDs only implemented for interfaces!
 -> (artifact id: 'bfc55c3ec63552cd7c64f57ac096d4a7') in 0.032086 seconds
Number of updated asset objects reloaded before import = 0
Number of asset objects unloaded after import = 3
========================================================================
Received Import Request.
  Time since last request: 0.000015 seconds.
  path: Assets/Knight Files/Knight PNG/Knight_cast_01.png
  artifactKey: Guid(b97711f6951c24245aed6bfb9608d230) Importer(2089858483,0ecaa5967403d082aa24f35e1b516d23)
Start importing Assets/Knight Files/Knight PNG/Knight_cast_01.png using Guid(b97711f6951c24245aed6bfb9608d230) Importer(2089858483,0ecaa5967403d082aa24f35e1b516d23) Generated GUIDs only implemented for interfaces!
 -> (artifact id: '52b22d88fd0ab7d551a8199a144c38e3') in 0.030981 seconds
Number of updated asset objects reloaded before import = 0
Number of asset objects unloaded after import = 3
========================================================================
Received Import Request.
  Time since last request: 0.000023 seconds.
  path: Assets/Knight Files/Effect & FireBalls/dashwind_05.png
  artifactKey: Guid(8cb1161cd4b52534ba2ec2922764d061) Importer(2089858483,0ecaa5967403d082aa24f35e1b516d23)
Start importing Assets/Knight Files/Effect & FireBalls/dashwind_05.png using Guid(8cb1161cd4b52534ba2ec2922764d061) Importer(2089858483,0ecaa5967403d082aa24f35e1b516d23) Generated GUIDs only implemented for interfaces!
 -> (artifact id: 'd8aa8c347502832e4e0ad5ba554e954b') in 0.029674 seconds
Number of updated asset objects reloaded before import = 0
Number of asset objects unloaded after import = 3
========================================================================
Received Import Request.
  Time since last request: 0.000033 seconds.
  path: Assets/Knight Files/Knight PNG/Knight_block_04.png
  artifactKey: Guid(18ffd7c532c870c4d8ac5bfa7f53be4f) Importer(2089858483,0ecaa5967403d082aa24f35e1b516d23)
Start importing Assets/Knight Files/Knight PNG/Knight_block_04.png using Guid(18ffd7c532c870c4d8ac5bfa7f53be4f) Importer(2089858483,0ecaa5967403d082aa24f35e1b516d23) Generated GUIDs only implemented for interfaces!
 -> (artifact id: '66f493835b3bbf3c9db556dfcf45ffda') in 0.031778 seconds
Number of updated asset objects reloaded before import = 0
Number of asset objects unloaded after import = 3
========================================================================
Received Import Request.
  Time since last request: 0.000052 seconds.
  path: Assets/Knight Files/Body Parts/Body lower.png
  artifactKey: Guid(76900228c746e3e408dd5948dafccc3c) Importer(2089858483,0ecaa5967403d082aa24f35e1b516d23)
Start importing Assets/Knight Files/Body Parts/Body lower.png using Guid(76900228c746e3e408dd5948dafccc3c) Importer(2089858483,0ecaa5967403d082aa24f35e1b516d23) Generated GUIDs only implemented for interfaces!
 -> (artifact id: 'edc91cddd9786e9c9bbfe72d85779723') in 0.031020 seconds
Number of updated asset objects reloaded before import = 0
Number of asset objects unloaded after import = 3
========================================================================
Received Import Request.
  Time since last request: 0.000016 seconds.
  path: Assets/Knight Files/Read Me.txt
  artifactKey: Guid(009128724b2d6bf40b5ac7db6460b9f0) Importer(2089858483,0ecaa5967403d082aa24f35e1b516d23)
Start importing Assets/Knight Files/Read Me.txt using Guid(009128724b2d6bf40b5ac7db6460b9f0) Importer(2089858483,0ecaa5967403d082aa24f35e1b516d23) Generated GUIDs only implemented for interfaces!
 -> (artifact id: 'c22668ca00a98b307914fb2fac680c9b') in 0.009477 seconds
Number of updated asset objects reloaded before import = 0
Number of asset objects unloaded after import = 1
========================================================================
Received Import Request.
  Time since last request: 0.000061 seconds.
  path: Assets/Knight Files/Knight PNG/Knight_dash_02.png
  artifactKey: Guid(d01f5abdf66dfaa4f8969d2db66c9e72) Importer(2089858483,0ecaa5967403d082aa24f35e1b516d23)
Start importing Assets/Knight Files/Knight PNG/Knight_dash_02.png using Guid(d01f5abdf66dfaa4f8969d2db66c9e72) Importer(2089858483,0ecaa5967403d082aa24f35e1b516d23) Generated GUIDs only implemented for interfaces!
 -> (artifact id: '6b0aa7b80d4228b737c29229972ef6c2') in 0.021672 seconds
Number of updated asset objects reloaded before import = 0
Number of asset objects unloaded after import = 3
========================================================================
Received Import Request.
  Time since last request: 0.000018 seconds.
  path: Assets/Knight Files/Knight PNG/Knight_attack_04.png
  artifactKey: Guid(a1b4b1f3ee0e4664aada556dbd4c246d) Importer(2089858483,0ecaa5967403d082aa24f35e1b516d23)
Start importing Assets/Knight Files/Knight PNG/Knight_attack_04.png using Guid(a1b4b1f3ee0e4664aada556dbd4c246d) Importer(2089858483,0ecaa5967403d082aa24f35e1b516d23) Generated GUIDs only implemented for interfaces!
 -> (artifact id: '210db03fe5bc5ed096e5f76307014bf9') in 0.023837 seconds
Number of updated asset objects reloaded before import = 0
Number of asset objects unloaded after import = 3
========================================================================
Received Import Request.
  Time since last request: 0.000016 seconds.
  path: Assets/Knight Files/Knight PNG/Knight_dizzy_01.png
  artifactKey: Guid(5727589126812804db2743e7f3c13bea) Importer(2089858483,0ecaa5967403d082aa24f35e1b516d23)
Start importing Assets/Knight Files/Knight PNG/Knight_dizzy_01.png using Guid(5727589126812804db2743e7f3c13bea) Importer(2089858483,0ecaa5967403d082aa24f35e1b516d23) Generated GUIDs only implemented for interfaces!
 -> (artifact id: '17f02d3477da3c69a047c758df26a22b') in 0.021934 seconds
Number of updated asset objects reloaded before import = 0
Number of asset objects unloaded after import = 3
========================================================================
Received Import Request.
  Time since last request: 0.000015 seconds.
  path: Assets/Knight Files/Effect & FireBalls/explosion_06.png
  artifactKey: Guid(5570ce90349bcee48ad72f984407eb70) Importer(2089858483,0ecaa5967403d082aa24f35e1b516d23)
Start importing Assets/Knight Files/Effect & FireBalls/explosion_06.png using Guid(5570ce90349bcee48ad72f984407eb70) Importer(2089858483,0ecaa5967403d082aa24f35e1b516d23) Generated GUIDs only implemented for interfaces!
 -> (artifact id: '1d5e9a0e666ea368d5e15c7e160be5fc') in 0.023540 seconds
Number of updated asset objects reloaded before import = 0
Number of asset objects unloaded after import = 3
========================================================================
Received Import Request.
  Time since last request: 0.000015 seconds.
  path: Assets/animation/Die.anim
  artifactKey: Guid(3bf3e01f3e8e93f44ace345c795aca0e) Importer(2089858483,0ecaa5967403d082aa24f35e1b516d23)
Start importing Assets/animation/Die.anim using Guid(3bf3e01f3e8e93f44ace345c795aca0e) Importer(2089858483,0ecaa5967403d082aa24f35e1b516d23) Generated GUIDs only implemented for interfaces!
 -> (artifact id: '61c4526e8e0e69f5b8a3a6131d8583fe') in 0.011042 seconds
Number of updated asset objects reloaded before import = 0
Number of asset objects unloaded after import = 1
========================================================================
Received Import Request.
  Time since last request: 0.000013 seconds.
  path: Assets/Knight Files/Knight PNG/Knight_walk_05.png
  artifactKey: Guid(950268a606733494f8e4b356b0100a41) Importer(2089858483,0ecaa5967403d082aa24f35e1b516d23)
Start importing Assets/Knight Files/Knight PNG/Knight_walk_05.png using Guid(950268a606733494f8e4b356b0100a41) Importer(2089858483,0ecaa5967403d082aa24f35e1b516d23) Generated GUIDs only implemented for interfaces!
 -> (artifact id: '5a2f6e33d2408dc928175ac141d741b0') in 0.026472 seconds
Number of updated asset objects reloaded before import = 0
Number of asset objects unloaded after import = 3
========================================================================
Received Import Request.
  Time since last request: 0.000022 seconds.
  path: Assets/Knight Files/Knight PNG/Knight_die_03.png
  artifactKey: Guid(efa1e239a79810d49ac4322b079f27b9) Importer(2089858483,0ecaa5967403d082aa24f35e1b516d23)
Start importing Assets/Knight Files/Knight PNG/Knight_die_03.png using Guid(efa1e239a79810d49ac4322b079f27b9) Importer(2089858483,0ecaa5967403d082aa24f35e1b516d23) Generated GUIDs only implemented for interfaces!
 -> (artifact id: '27c8b3a12d894de68ce4cd89c8329dd9') in 0.029643 seconds
Number of updated asset objects reloaded before import = 0
Number of asset objects unloaded after import = 3
========================================================================
Received Import Request.
  Time since last request: 0.000033 seconds.
  path: Assets/Knight Files/Knight PNG/Knight_strike_03.png
  artifactKey: Guid(430ad9be76f3bc944b3cf1698ac12cc2) Importer(2089858483,0ecaa5967403d082aa24f35e1b516d23)
Start importing Assets/Knight Files/Knight PNG/Knight_strike_03.png using Guid(430ad9be76f3bc944b3cf1698ac12cc2) Importer(2089858483,0ecaa5967403d082aa24f35e1b516d23) Generated GUIDs only implemented for interfaces!
 -> (artifact id: 'b027ac07d414af2dbd19377cc8598794') in 0.027329 seconds
Number of updated asset objects reloaded before import = 0
Number of asset objects unloaded after import = 3
========================================================================
Received Import Request.
  Time since last request: 0.000022 seconds.
  path: Assets/animation/perso2/rotatedos.anim
  artifactKey: Guid(4025c7a400c18804085e29e9dd0b68ad) Importer(2089858483,0ecaa5967403d082aa24f35e1b516d23)
Start importing Assets/animation/perso2/rotatedos.anim using Guid(4025c7a400c18804085e29e9dd0b68ad) Importer(2089858483,0ecaa5967403d082aa24f35e1b516d23) Generated GUIDs only implemented for interfaces!
 -> (artifact id: '32152c6e64bf28b221980852680b6202') in 0.012501 seconds
Number of updated asset objects reloaded before import = 0
Number of asset objects unloaded after import = 1
========================================================================
Received Import Request.
  Time since last request: 0.000017 seconds.
  path: Assets/Knight Files/Effect & FireBalls/fireball_01.png
  artifactKey: Guid(2c961366528f28c458c619797d0bbb2f) Importer(2089858483,0ecaa5967403d082aa24f35e1b516d23)
Start importing Assets/Knight Files/Effect & FireBalls/fireball_01.png using Guid(2c961366528f28c458c619797d0bbb2f) Importer(2089858483,0ecaa5967403d082aa24f35e1b516d23) Generated GUIDs only implemented for interfaces!
 -> (artifact id: 'ade5311bbfb03d2940136b1b6c165579') in 0.026129 seconds
Number of updated asset objects reloaded before import = 0
Number of asset objects unloaded after import = 3
========================================================================
Received Import Request.
  Time since last request: 0.000021 seconds.
  path: Assets/Knight Files/Knight PNG/Knight_die_04.png
  artifactKey: Guid(20eaf3352119b4a498d894619016f686) Importer(2089858483,0ecaa5967403d082aa24f35e1b516d23)
Start importing Assets/Knight Files/Knight PNG/Knight_die_04.png using Guid(20eaf3352119b4a498d894619016f686) Importer(2089858483,0ecaa5967403d082aa24f35e1b516d23) Generated GUIDs only implemented for interfaces!
 -> (artifact id: '58f97d6579779c4608f01e92f6b7bffc') in 0.030004 seconds
Number of updated asset objects reloaded before import = 0
Number of asset objects unloaded after import = 3
========================================================================
Received Import Request.
  Time since last request: 0.000016 seconds.
  path: Assets/Knight Files/Knight PNG/Knight_dizzy_03.png
  artifactKey: Guid(c349fdd17e40e7643a59d945a37adcd1) Importer(2089858483,0ecaa5967403d082aa24f35e1b516d23)
Start importing Assets/Knight Files/Knight PNG/Knight_dizzy_03.png using Guid(c349fdd17e40e7643a59d945a37adcd1) Importer(2089858483,0ecaa5967403d082aa24f35e1b516d23) Generated GUIDs only implemented for interfaces!
 -> (artifact id: 'eee0c619a8f6075529eea9d179a2105a') in 0.031206 seconds
Number of updated asset objects reloaded before import = 0
Number of asset objects unloaded after import = 3
========================================================================
Received Import Request.
  Time since last request: 0.000017 seconds.
  path: Assets/Knight Files/Knight EPS.eps
  artifactKey: Guid(ae888ebaa137c9a44b5e913ae6d5283e) Importer(2089858483,0ecaa5967403d082aa24f35e1b516d23)
Start importing Assets/Knight Files/Knight EPS.eps using Guid(ae888ebaa137c9a44b5e913ae6d5283e) Importer(2089858483,0ecaa5967403d082aa24f35e1b516d23) Generated GUIDs only implemented for interfaces!
 -> (artifact id: '294ecd6b4ae8ce58cf390add90328cbf') in 0.008572 seconds
Number of updated asset objects reloaded before import = 0
Number of asset objects unloaded after import = 1
========================================================================
Received Import Request.
  Time since last request: 0.000023 seconds.
  path: Assets/Scenes/SampleScene.unity
  artifactKey: Guid(2cda990e2423bbf4892e6590ba056729) Importer(2089858483,0ecaa5967403d082aa24f35e1b516d23)
Start importing Assets/Scenes/SampleScene.unity using Guid(2cda990e2423bbf4892e6590ba056729) Importer(2089858483,0ecaa5967403d082aa24f35e1b516d23) Generated GUIDs only implemented for interfaces!
 -> (artifact id: '2443e6bc39c28f7f4cc9bb4f38ad866e') in 0.010591 seconds
Number of updated asset objects reloaded before import = 0
Number of asset objects unloaded after import = 1
========================================================================
Received Import Request.
  Time since last request: 0.000058 seconds.
  path: Assets/Knight Files/Effect & FireBalls/dashwind_01.png
  artifactKey: Guid(ba8204987081496419081ce78d6917db) Importer(2089858483,0ecaa5967403d082aa24f35e1b516d23)
Start importing Assets/Knight Files/Effect & FireBalls/dashwind_01.png using Guid(ba8204987081496419081ce78d6917db) Importer(2089858483,0ecaa5967403d082aa24f35e1b516d23) Generated GUIDs only implemented for interfaces!
 -> (artifact id: 'd7f889b83e20f650b3e99aecabe343c2') in 0.023803 seconds
Number of updated asset objects reloaded before import = 0
Number of asset objects unloaded after import = 3
========================================================================
Received Import Request.
  Time since last request: 0.000033 seconds.
  path: Assets/Knight Files/Body Parts/body upper.png
  artifactKey: Guid(131afc7c0c638d24f92ba75ccdab2b38) Importer(2089858483,0ecaa5967403d082aa24f35e1b516d23)
Start importing Assets/Knight Files/Body Parts/body upper.png using Guid(131afc7c0c638d24f92ba75ccdab2b38) Importer(2089858483,0ecaa5967403d082aa24f35e1b516d23) Generated GUIDs only implemented for interfaces!
 -> (artifact id: '742628dc73e4b5a17ac00e214d46c493') in 0.028224 seconds
Number of updated asset objects reloaded before import = 0
Number of asset objects unloaded after import = 3
========================================================================
Received Import Request.
  Time since last request: 0.000043 seconds.
  path: Assets/Knight Files/Knight PNG/Knight_win_02.png
  artifactKey: Guid(f6117829ba948194c8a5a22cc9d3dc22) Importer(2089858483,0ecaa5967403d082aa24f35e1b516d23)
Start importing Assets/Knight Files/Knight PNG/Knight_win_02.png using Guid(f6117829ba948194c8a5a22cc9d3dc22) Importer(2089858483,0ecaa5967403d082aa24f35e1b516d23) Generated GUIDs only implemented for interfaces!
 -> (artifact id: 'df4b3fd6f87e6300e94b6be629497ada') in 0.029257 seconds
Number of updated asset objects reloaded before import = 0
Number of asset objects unloaded after import = 3
========================================================================
Received Import Request.
  Time since last request: 0.036142 seconds.
  path: Assets/Knight Files/Effect & FireBalls/dashwind_03.png
  artifactKey: Guid(b5396be67fea11741b097c1481fb5352) Importer(2089858483,0ecaa5967403d082aa24f35e1b516d23)
Start importing Assets/Knight Files/Effect & FireBalls/dashwind_03.png using Guid(b5396be67fea11741b097c1481fb5352) Importer(2089858483,0ecaa5967403d082aa24f35e1b516d23) Generated GUIDs only implemented for interfaces!
 -> (artifact id: '9589299a7c2105d0b3e89c80a20b6206') in 0.029809 seconds
Number of updated asset objects reloaded before import = 0
Number of asset objects unloaded after import = 3
========================================================================
Received Import Request.
  Time since last request: 0.000051 seconds.
  path: Assets/animation/perso2/Download60217_15.controller
  artifactKey: Guid(02106f378dd10af4db368e19cfcc4b1a) Importer(2089858483,0ecaa5967403d082aa24f35e1b516d23)
Start importing Assets/animation/perso2/Download60217_15.controller using Guid(02106f378dd10af4db368e19cfcc4b1a) Importer(2089858483,0ecaa5967403d082aa24f35e1b516d23) Generated GUIDs only implemented for interfaces!
 -> (artifact id: '5650026501145d057547147cd5fc3de3') in 0.011941 seconds
Number of updated asset objects reloaded before import = 0
Number of asset objects unloaded after import = 20
========================================================================
Received Import Request.
  Time since last request: 0.000014 seconds.
  path: Assets/Knight Files/Knight PNG/Knight_walk_06.png
  artifactKey: Guid(969fce9da2f69834182f5618b7ec2975) Importer(2089858483,0ecaa5967403d082aa24f35e1b516d23)
Start importing Assets/Knight Files/Knight PNG/Knight_walk_06.png using Guid(969fce9da2f69834182f5618b7ec2975) Importer(2089858483,0ecaa5967403d082aa24f35e1b516d23) Generated GUIDs only implemented for interfaces!
 -> (artifact id: '36bbf951d027db45ef78e6ea9e4452c5') in 0.024858 seconds
Number of updated asset objects reloaded before import = 0
Number of asset objects unloaded after import = 3
========================================================================
Received Import Request.
  Time since last request: 0.000027 seconds.
  path: Assets/Knight Files/Knight PNG/Knight_jumpAttack_04.png
  artifactKey: Guid(7501c2124347b9a45b253375ee5f55f9) Importer(2089858483,0ecaa5967403d082aa24f35e1b516d23)
Start importing Assets/Knight Files/Knight PNG/Knight_jumpAttack_04.png using Guid(7501c2124347b9a45b253375ee5f55f9) Importer(2089858483,0ecaa5967403d082aa24f35e1b516d23) Generated GUIDs only implemented for interfaces!
 -> (artifact id: '808ce6679cd54a619ed57f1d8bbd0a54') in 0.025636 seconds
Number of updated asset objects reloaded before import = 0
Number of asset objects unloaded after import = 3
========================================================================
Received Import Request.
  Time since last request: 0.000013 seconds.
  path: Assets/Knight Files/Body Parts/Right Arm.png
  artifactKey: Guid(034d324c158efbb49993409265a738d9) Importer(2089858483,0ecaa5967403d082aa24f35e1b516d23)
Start importing Assets/Knight Files/Body Parts/Right Arm.png using Guid(034d324c158efbb49993409265a738d9) Importer(2089858483,0ecaa5967403d082aa24f35e1b516d23) Generated GUIDs only implemented for interfaces!
 -> (artifact id: '82cfe12fbd0ce15a47868655885566f0') in 0.025016 seconds
Number of updated asset objects reloaded before import = 0
Number of asset objects unloaded after import = 3
========================================================================
Received Import Request.
  Time since last request: 0.000035 seconds.
  path: Assets/Knight Files/Knight PNG/Knight_walk_04.png
  artifactKey: Guid(5f35e0dbf73e2bd4bb8189fcd03962b3) Importer(2089858483,0ecaa5967403d082aa24f35e1b516d23)
Start importing Assets/Knight Files/Knight PNG/Knight_walk_04.png using Guid(5f35e0dbf73e2bd4bb8189fcd03962b3) Importer(2089858483,0ecaa5967403d082aa24f35e1b516d23) Generated GUIDs only implemented for interfaces!
 -> (artifact id: 'd10dee71b68381b505fc7cf73a9eba0f') in 0.024430 seconds
Number of updated asset objects reloaded before import = 0
Number of asset objects unloaded after import = 3
